<?xml version="1.0" encoding="UTF-8"?>
<!-- Generated by org.testng.reporters.JUnitReportReporter -->
<testsuite hostname="DESKTOP-DK68IP8" failures="0" tests="1" name="com.Selenium.jdbcconn" time="108.042" errors="0" timestamp="2022-06-01T16:23:05 IST" skipped="0">
  <testcase classname="com.Selenium.jdbcconn" name="retrieve" time="108.042"/>
  <system-out/>
</testsuite> <!-- com.Selenium.jdbcconn -->
