<?xml version="1.0" encoding="UTF-8"?>
<!-- Generated by org.testng.reporters.JUnitReportReporter -->
<testsuite hostname="DESKTOP-DK68IP8" failures="0" tests="2" name="com.Selenium.Test1" time="18.117" errors="0" timestamp="2022-05-31T15:39:40 IST" skipped="0">
  <testcase classname="com.Selenium.Test1" name="setup" time="9.639"/>
  <system-out/>
  <testcase classname="com.Selenium.Test1" name="setup" time="8.478"/>
  <system-out/>
</testsuite> <!-- com.Selenium.Test1 -->
