<?xml version="1.0" encoding="UTF-8"?>
<!-- Generated by org.testng.reporters.JUnitReportReporter -->
<testsuite hostname="DESKTOP-DK68IP8" failures="0" tests="1" name="com.Selenium.validateTitle" time="0.273" errors="0" timestamp="2022-05-31T15:39:40 IST" skipped="0">
  <testcase classname="com.Selenium.validateTitle" name="basepagetitle" time="0.273"/>
  <system-out/>
</testsuite> <!-- com.Selenium.validateTitle -->
